17:21:43,313 |-INFO in ch.qos.logback.classic.LoggerContext[default] - Could NOT find resource [logback-test.xml]
17:21:43,314 |-INFO in ch.qos.logback.classic.LoggerContext[default] - Could NOT find resource [logback.groovy]
17:21:43,314 |-INFO in ch.qos.logback.classic.LoggerContext[default] - Found resource [logback.xml] at [file:/C:/Projects/Covisint/Auto_Portal/Auto_Portal_DataMigration_Workspace/OrganizationMigration/target/classes/logback.xml]
17:21:43,420 |-INFO in ch.qos.logback.classic.joran.action.ConfigurationAction - debug attribute not set
17:21:43,427 |-INFO in ch.qos.logback.core.joran.action.AppenderAction - About to instantiate appender of type [ch.qos.logback.core.ConsoleAppender]
17:21:43,430 |-INFO in ch.qos.logback.core.joran.action.AppenderAction - Naming appender as [Console]
17:21:43,477 |-WARN in ch.qos.logback.core.ConsoleAppender[Console] - This appender no longer admits a layout as a sub-component, set an encoder instead.
17:21:43,477 |-WARN in ch.qos.logback.core.ConsoleAppender[Console] - To ensure compatibility, wrapping your layout in LayoutWrappingEncoder.
17:21:43,477 |-WARN in ch.qos.logback.core.ConsoleAppender[Console] - See also http://logback.qos.ch/codes.html#layoutInsteadOfEncoder for details
17:21:43,478 |-INFO in ch.qos.logback.core.joran.action.AppenderAction - About to instantiate appender of type [ch.qos.logback.core.rolling.RollingFileAppender]
17:21:43,483 |-INFO in ch.qos.logback.core.joran.action.AppenderAction - Naming appender as [RollingFile]
17:21:43,499 |-INFO in c.q.l.core.rolling.TimeBasedRollingPolicy@1025799482 - No compression will be used
17:21:43,500 |-INFO in c.q.l.core.rolling.TimeBasedRollingPolicy@1025799482 - Will use the pattern ./logs/archived/app-%d{yyyy-MM-dd}.%i.log for the active file
17:21:43,502 |-INFO in ch.qos.logback.core.rolling.SizeAndTimeBasedFNATP@59a6e353 - The date pattern is 'yyyy-MM-dd' from file name pattern './logs/archived/app-%d{yyyy-MM-dd}.%i.log'.
17:21:43,502 |-INFO in ch.qos.logback.core.rolling.SizeAndTimeBasedFNATP@59a6e353 - Roll-over at midnight.
17:21:43,505 |-INFO in ch.qos.logback.core.rolling.SizeAndTimeBasedFNATP@59a6e353 - Setting initial period to Thu Jun 03 17:20:42 IST 2021
17:21:43,505 |-WARN in ch.qos.logback.core.rolling.SizeAndTimeBasedFNATP@59a6e353 - SizeAndTimeBasedFNATP is deprecated. Use SizeAndTimeBasedRollingPolicy instead
17:21:43,505 |-WARN in ch.qos.logback.core.rolling.SizeAndTimeBasedFNATP@59a6e353 - For more information see http://logback.qos.ch/manual/appenders.html#SizeAndTimeBasedRollingPolicy
17:21:43,509 |-INFO in ch.qos.logback.core.rolling.RollingFileAppender[RollingFile] - Active log file name: ./logs/app.log
17:21:43,510 |-INFO in ch.qos.logback.core.rolling.RollingFileAppender[RollingFile] - File property is set to [./logs/app.log]
17:21:43,510 |-INFO in ch.qos.logback.classic.joran.action.RootLoggerAction - Setting level of ROOT logger to OFF
17:21:43,511 |-INFO in ch.qos.logback.core.joran.action.AppenderRefAction - Attaching appender named [RollingFile] to Logger[ROOT]
17:21:43,511 |-INFO in ch.qos.logback.core.joran.action.AppenderRefAction - Attaching appender named [Console] to Logger[ROOT]
17:21:43,511 |-INFO in ch.qos.logback.classic.joran.action.LoggerAction - Setting level of logger [com.covisint] to INFO
17:21:43,511 |-INFO in ch.qos.logback.classic.joran.action.LoggerAction - Setting additivity of logger [com.covisint] to false
17:21:43,511 |-INFO in ch.qos.logback.core.joran.action.AppenderRefAction - Attaching appender named [RollingFile] to Logger[com.covisint]
17:21:43,511 |-INFO in ch.qos.logback.core.joran.action.AppenderRefAction - Attaching appender named [Console] to Logger[com.covisint]
17:21:43,512 |-INFO in ch.qos.logback.classic.joran.action.ConfigurationAction - End of configuration.
17:21:43,512 |-INFO in ch.qos.logback.classic.joran.JoranConfigurator@7a0ac6e3 - Registering current configuration as safe fallback point


  .   ____          _            __ _ _
 /\\ / ___'_ __ _ _(_)_ __  __ _ \ \ \ \
( ( )\___ | '_ | '_| | '_ \/ _` | \ \ \ \
 \\/  ___)| |_)| | | | | || (_| |  ) ) ) )
  '  |____| .__|_| |_|_| |_\__, | / / / /
 =========|_|==============|___/=/_/_/_/
 :: Spring Boot ::                (v2.4.2)

[30m2021-06-03 17:21:44,139[0;39m [34mINFO [0;39m [[34mmain[0;39m] [33morg.springframework.boot.StartupInfoLogger[0;39m: Starting OrganizationMigrationApplication using Java 1.8.0_191 on BIRADARPF1LFH2T with PID 2608 (C:\Projects\Covisint\Auto_Portal\Auto_Portal_DataMigration_Workspace\OrganizationMigration\target\classes started by biradarr in C:\Projects\Covisint\Auto_Portal\Auto_Portal_DataMigration_Workspace\OrganizationMigration)
[30m2021-06-03 17:21:44,142[0;39m [34mINFO [0;39m [[34mmain[0;39m] [33morg.springframework.boot.SpringApplication[0;39m: No active profile set, falling back to default profiles: default
[30m2021-06-03 17:22:04,268[0;39m [34mINFO [0;39m [[34mmain[0;39m] [33morg.springframework.boot.StartupInfoLogger[0;39m: Started OrganizationMigrationApplication in 20.513 seconds (JVM running for 21.261)
[30m2021-06-03 17:22:09,584[0;39m [34mINFO [0;39m [[34mmain[0;39m] [33mcom.covisint.datamigration.handlers.OrganizationsHandler[0;39m: Update Organization : 1009837 Visteon Corporation
