2021-06-09 15:41:55,523 INFO org.springframework.boot.StartupInfoLogger [main] Starting UserMigrationApplication using Java 1.8.0_281 on YKULKARN6HXH3H2 with PID 21848 (C:\Users\ykulkarn\Desktop\Automative Portal\Data_Migration\UserMigration\target\classes started by ykulkarn in C:\Users\ykulkarn\Desktop\Automative Portal\Data_Migration\UserMigration)
2021-06-09 15:41:55,533 INFO org.springframework.boot.SpringApplication [main] No active profile set, falling back to default profiles: default
2021-06-09 15:53:38,200 INFO org.springframework.boot.StartupInfoLogger [main] Starting UserMigrationApplication using Java 1.8.0_281 on YKULKARN6HXH3H2 with PID 20956 (C:\Users\ykulkarn\Desktop\Automative Portal\Data_Migration\UserMigration\target\classes started by ykulkarn in C:\Users\ykulkarn\Desktop\Automative Portal\Data_Migration\UserMigration)
2021-06-09 15:53:38,204 INFO org.springframework.boot.SpringApplication [main] No active profile set, falling back to default profiles: default
2021-06-09 16:01:13,734 INFO org.springframework.boot.StartupInfoLogger [main] Starting UserMigrationApplication using Java 1.8.0_281 on YKULKARN6HXH3H2 with PID 9080 (C:\Users\ykulkarn\Desktop\Automative Portal\Data_Migration\UserMigration\target\classes started by ykulkarn in C:\Users\ykulkarn\Desktop\Automative Portal\Data_Migration\UserMigration)
2021-06-09 16:01:13,737 INFO org.springframework.boot.SpringApplication [main] No active profile set, falling back to default profiles: default
2021-06-09 16:02:40,331 INFO org.springframework.boot.StartupInfoLogger [main] Starting UserMigrationApplication using Java 1.8.0_281 on YKULKARN6HXH3H2 with PID 18436 (C:\Users\ykulkarn\Desktop\Automative Portal\Data_Migration\UserMigration\target\classes started by ykulkarn in C:\Users\ykulkarn\Desktop\Automative Portal\Data_Migration\UserMigration)
2021-06-09 16:02:40,335 INFO org.springframework.boot.SpringApplication [main] No active profile set, falling back to default profiles: default
2021-06-09 16:02:54,430 INFO org.springframework.boot.StartupInfoLogger [main] Started UserMigrationApplication in 14.445 seconds (JVM running for 15.498)
2021-06-09 16:05:41,029 INFO org.springframework.boot.StartupInfoLogger [main] Starting UserMigrationApplication using Java 1.8.0_281 on YKULKARN6HXH3H2 with PID 16300 (C:\Users\ykulkarn\Desktop\Automative Portal\Data_Migration\UserMigration\target\classes started by ykulkarn in C:\Users\ykulkarn\Desktop\Automative Portal\Data_Migration\UserMigration)
2021-06-09 16:05:41,033 INFO org.springframework.boot.SpringApplication [main] No active profile set, falling back to default profiles: default
2021-06-09 16:06:02,706 INFO org.springframework.boot.StartupInfoLogger [main] Started UserMigrationApplication in 22.319 seconds (JVM running for 23.392)
2021-06-09 16:06:02,710 INFO com.covisint.datamigration.UserMigrationApplication [main] Please enter proper args to migrate..
2021-06-09 16:06:54,987 INFO org.springframework.boot.StartupInfoLogger [main] Starting UserMigrationApplication using Java 1.8.0_281 on YKULKARN6HXH3H2 with PID 16800 (C:\Users\ykulkarn\Desktop\Automative Portal\Data_Migration\UserMigration\target\classes started by ykulkarn in C:\Users\ykulkarn\Desktop\Automative Portal\Data_Migration\UserMigration)
2021-06-09 16:06:54,992 INFO org.springframework.boot.SpringApplication [main] No active profile set, falling back to default profiles: default
2021-06-09 16:07:11,313 INFO org.springframework.boot.StartupInfoLogger [main] Started UserMigrationApplication in 16.784 seconds (JVM running for 17.6)
2021-06-09 16:08:43,275 INFO org.springframework.boot.StartupInfoLogger [main] Starting UserMigrationApplication using Java 1.8.0_281 on YKULKARN6HXH3H2 with PID 10616 (C:\Users\ykulkarn\Desktop\Automative Portal\Data_Migration\UserMigration\target\classes started by ykulkarn in C:\Users\ykulkarn\Desktop\Automative Portal\Data_Migration\UserMigration)
2021-06-09 16:08:43,279 INFO org.springframework.boot.SpringApplication [main] No active profile set, falling back to default profiles: default
2021-06-09 16:08:59,251 INFO org.springframework.boot.StartupInfoLogger [main] Started UserMigrationApplication in 16.445 seconds (JVM running for 17.205)
2021-06-09 16:10:27,198 INFO org.springframework.boot.StartupInfoLogger [main] Starting UserMigrationApplication using Java 1.8.0_281 on YKULKARN6HXH3H2 with PID 18236 (C:\Users\ykulkarn\Desktop\Automative Portal\Data_Migration\UserMigration\target\classes started by ykulkarn in C:\Users\ykulkarn\Desktop\Automative Portal\Data_Migration\UserMigration)
2021-06-09 16:10:27,202 INFO org.springframework.boot.SpringApplication [main] No active profile set, falling back to default profiles: default
2021-06-09 16:10:43,895 INFO org.springframework.boot.StartupInfoLogger [main] Started UserMigrationApplication in 17.234 seconds (JVM running for 18.08)
2021-06-09 16:11:23,447 INFO org.springframework.boot.StartupInfoLogger [main] Starting UserMigrationApplication using Java 1.8.0_281 on YKULKARN6HXH3H2 with PID 12280 (C:\Users\ykulkarn\Desktop\Automative Portal\Data_Migration\UserMigration\target\classes started by ykulkarn in C:\Users\ykulkarn\Desktop\Automative Portal\Data_Migration\UserMigration)
2021-06-09 16:11:23,451 INFO org.springframework.boot.SpringApplication [main] No active profile set, falling back to default profiles: default
2021-06-09 16:11:37,754 INFO org.springframework.boot.StartupInfoLogger [main] Started UserMigrationApplication in 14.667 seconds (JVM running for 15.736)
2021-06-09 16:13:24,513 INFO org.springframework.boot.StartupInfoLogger [main] Starting UserMigrationApplication using Java 1.8.0_281 on YKULKARN6HXH3H2 with PID 7712 (C:\Users\ykulkarn\Desktop\Automative Portal\Data_Migration\UserMigration\target\classes started by ykulkarn in C:\Users\ykulkarn\Desktop\Automative Portal\Data_Migration\UserMigration)
2021-06-09 16:13:24,517 INFO org.springframework.boot.SpringApplication [main] No active profile set, falling back to default profiles: default
2021-06-09 16:13:40,335 INFO org.springframework.boot.StartupInfoLogger [main] Started UserMigrationApplication in 16.243 seconds (JVM running for 16.991)
2021-06-09 16:18:05,017 INFO org.springframework.boot.StartupInfoLogger [main] Starting UserMigrationApplication using Java 1.8.0_281 on YKULKARN6HXH3H2 with PID 20408 (C:\Users\ykulkarn\Desktop\Automative Portal\Data_Migration\UserMigration\target\classes started by ykulkarn in C:\Users\ykulkarn\Desktop\Automative Portal\Data_Migration\UserMigration)
2021-06-09 16:18:05,021 INFO org.springframework.boot.SpringApplication [main] No active profile set, falling back to default profiles: default
2021-06-09 16:18:20,772 INFO org.springframework.boot.StartupInfoLogger [main] Started UserMigrationApplication in 16.162 seconds (JVM running for 16.897)
2021-06-09 16:20:54,682 INFO org.springframework.boot.StartupInfoLogger [main] Starting UserMigrationApplication using Java 1.8.0_281 on YKULKARN6HXH3H2 with PID 13968 (C:\Users\ykulkarn\Desktop\Automative Portal\Data_Migration\UserMigration\target\classes started by ykulkarn in C:\Users\ykulkarn\Desktop\Automative Portal\Data_Migration\UserMigration)
2021-06-09 16:20:54,686 INFO org.springframework.boot.SpringApplication [main] No active profile set, falling back to default profiles: default
2021-06-09 16:21:10,319 INFO org.springframework.boot.StartupInfoLogger [main] Started UserMigrationApplication in 16.052 seconds (JVM running for 16.826)
2021-06-09 16:42:03,478 INFO org.springframework.boot.StartupInfoLogger [main] Starting UserMigrationApplication using Java 1.8.0_281 on YKULKARN6HXH3H2 with PID 14000 (C:\Users\ykulkarn\Desktop\Automative Portal\Data_Migration\UserMigration\target\classes started by ykulkarn in C:\Users\ykulkarn\Desktop\Automative Portal\Data_Migration\UserMigration)
2021-06-09 16:42:03,483 INFO org.springframework.boot.SpringApplication [main] No active profile set, falling back to default profiles: default
2021-06-09 16:42:20,544 INFO org.springframework.boot.StartupInfoLogger [main] Started UserMigrationApplication in 17.552 seconds (JVM running for 18.28)
2021-06-09 16:45:03,639 INFO org.springframework.boot.StartupInfoLogger [main] Starting UserMigrationApplication using Java 1.8.0_281 on YKULKARN6HXH3H2 with PID 21808 (C:\Users\ykulkarn\Desktop\Automative Portal\Data_Migration\UserMigration\target\classes started by ykulkarn in C:\Users\ykulkarn\Desktop\Automative Portal\Data_Migration\UserMigration)
2021-06-09 16:45:03,643 INFO org.springframework.boot.SpringApplication [main] No active profile set, falling back to default profiles: default
2021-06-09 16:45:19,543 INFO org.springframework.boot.StartupInfoLogger [main] Started UserMigrationApplication in 16.342 seconds (JVM running for 17.101)
2021-06-09 16:46:55,518 INFO org.springframework.boot.StartupInfoLogger [main] Starting UserMigrationApplication using Java 1.8.0_281 on YKULKARN6HXH3H2 with PID 3912 (C:\Users\ykulkarn\Desktop\Automative Portal\Data_Migration\UserMigration\target\classes started by ykulkarn in C:\Users\ykulkarn\Desktop\Automative Portal\Data_Migration\UserMigration)
2021-06-09 16:46:55,522 INFO org.springframework.boot.SpringApplication [main] No active profile set, falling back to default profiles: default
2021-06-09 16:47:11,036 INFO org.springframework.boot.StartupInfoLogger [main] Started UserMigrationApplication in 15.933 seconds (JVM running for 16.746)
2021-06-09 16:50:16,601 INFO org.springframework.boot.StartupInfoLogger [main] Starting UserMigrationApplication using Java 1.8.0_281 on YKULKARN6HXH3H2 with PID 21144 (C:\Users\ykulkarn\Desktop\Automative Portal\Data_Migration\UserMigration\target\classes started by ykulkarn in C:\Users\ykulkarn\Desktop\Automative Portal\Data_Migration\UserMigration)
2021-06-09 16:50:16,606 INFO org.springframework.boot.SpringApplication [main] No active profile set, falling back to default profiles: default
2021-06-09 16:50:32,772 INFO org.springframework.boot.StartupInfoLogger [main] Started UserMigrationApplication in 16.659 seconds (JVM running for 17.623)
2021-06-09 16:50:36,899 INFO com.covisint.datamigration.handlers.UsersHandler [main] null
2021-06-09 17:03:30,552 INFO org.springframework.boot.StartupInfoLogger [main] Starting UserMigrationApplication using Java 1.8.0_281 on YKULKARN6HXH3H2 with PID 6236 (C:\Users\ykulkarn\Desktop\Automative Portal\Data_Migration\UserMigration\target\classes started by ykulkarn in C:\Users\ykulkarn\Desktop\Automative Portal\Data_Migration\UserMigration)
2021-06-09 17:03:30,559 INFO org.springframework.boot.SpringApplication [main] No active profile set, falling back to default profiles: default
2021-06-09 17:03:47,345 INFO org.springframework.boot.StartupInfoLogger [main] Started UserMigrationApplication in 17.302 seconds (JVM running for 18.118)
2021-06-09 17:10:01,731 INFO org.springframework.boot.StartupInfoLogger [main] Starting UserMigrationApplication using Java 1.8.0_281 on YKULKARN6HXH3H2 with PID 11928 (C:\Users\ykulkarn\Desktop\Automative Portal\Data_Migration\UserMigration\target\classes started by ykulkarn in C:\Users\ykulkarn\Desktop\Automative Portal\Data_Migration\UserMigration)
2021-06-09 17:10:01,736 INFO org.springframework.boot.SpringApplication [main] No active profile set, falling back to default profiles: default
2021-06-09 17:10:18,794 INFO org.springframework.boot.StartupInfoLogger [main] Started UserMigrationApplication in 17.531 seconds (JVM running for 18.37)
2021-06-09 17:15:12,853 INFO org.springframework.boot.StartupInfoLogger [main] Starting UserMigrationApplication using Java 1.8.0_281 on YKULKARN6HXH3H2 with PID 17264 (C:\Users\ykulkarn\Desktop\Automative Portal\Data_Migration\UserMigration\target\classes started by ykulkarn in C:\Users\ykulkarn\Desktop\Automative Portal\Data_Migration\UserMigration)
2021-06-09 17:15:12,858 INFO org.springframework.boot.SpringApplication [main] No active profile set, falling back to default profiles: default
2021-06-09 17:15:29,807 INFO org.springframework.boot.StartupInfoLogger [main] Started UserMigrationApplication in 17.387 seconds (JVM running for 18.203)
2021-06-09 18:13:30,981 INFO org.springframework.boot.StartupInfoLogger [main] Starting UserMigrationApplication using Java 1.8.0_281 on YKULKARN6HXH3H2 with PID 10012 (C:\Users\ykulkarn\Desktop\Automative Portal\Data_Migration\UserMigration\target\classes started by ykulkarn in C:\Users\ykulkarn\Desktop\Automative Portal\Data_Migration\UserMigration)
2021-06-09 18:13:30,987 INFO org.springframework.boot.SpringApplication [main] No active profile set, falling back to default profiles: default
2021-06-09 18:13:47,243 INFO org.springframework.boot.StartupInfoLogger [main] Started UserMigrationApplication in 16.727 seconds (JVM running for 17.611)
2021-06-09 18:13:51,933 INFO com.covisint.datamigration.handlers.UsersHandler [main] null
2021-06-09 18:15:51,419 INFO org.springframework.boot.StartupInfoLogger [main] Starting UserMigrationApplication using Java 1.8.0_281 on YKULKARN6HXH3H2 with PID 11792 (C:\Users\ykulkarn\Desktop\Automative Portal\Data_Migration\UserMigration\target\classes started by ykulkarn in C:\Users\ykulkarn\Desktop\Automative Portal\Data_Migration\UserMigration)
2021-06-09 18:15:51,424 INFO org.springframework.boot.SpringApplication [main] No active profile set, falling back to default profiles: default
2021-06-09 18:16:08,571 INFO org.springframework.boot.StartupInfoLogger [main] Started UserMigrationApplication in 17.708 seconds (JVM running for 18.559)
2021-06-09 18:26:21,295 INFO org.springframework.boot.StartupInfoLogger [main] Starting UserMigrationApplication using Java 1.8.0_281 on YKULKARN6HXH3H2 with PID 15640 (C:\Users\ykulkarn\Desktop\Automative Portal\Data_Migration\UserMigration\target\classes started by ykulkarn in C:\Users\ykulkarn\Desktop\Automative Portal\Data_Migration\UserMigration)
2021-06-09 18:26:21,300 INFO org.springframework.boot.SpringApplication [main] No active profile set, falling back to default profiles: default
2021-06-09 18:26:38,011 INFO org.springframework.boot.StartupInfoLogger [main] Started UserMigrationApplication in 17.186 seconds (JVM running for 18.027)
2021-06-09 18:26:43,802 INFO com.covisint.datamigration.handlers.UsersHandler [main] null
2021-06-09 18:26:45,340 INFO com.covisint.datamigration.handlers.UsersHandler [main] null
2021-06-09 18:39:18,385 INFO org.springframework.boot.StartupInfoLogger [main] Starting UserMigrationApplication using Java 1.8.0_281 on YKULKARN6HXH3H2 with PID 22944 (C:\Users\ykulkarn\Desktop\Automative Portal\Data_Migration\UserMigration\target\classes started by ykulkarn in C:\Users\ykulkarn\Desktop\Automative Portal\Data_Migration\UserMigration)
2021-06-09 18:39:18,389 INFO org.springframework.boot.SpringApplication [main] No active profile set, falling back to default profiles: default
2021-06-09 18:39:35,198 INFO org.springframework.boot.StartupInfoLogger [main] Started UserMigrationApplication in 17.23 seconds (JVM running for 18.009)
2021-06-09 18:39:41,036 INFO com.covisint.datamigration.handlers.UsersHandler [main] null
2021-06-09 18:39:42,643 INFO com.covisint.datamigration.handlers.UsersHandler [main] null
2021-06-09 19:08:55,042 INFO org.springframework.boot.StartupInfoLogger [main] Starting UserMigrationApplication using Java 1.8.0_281 on YKULKARN6HXH3H2 with PID 17056 (C:\Users\ykulkarn\Desktop\Automative Portal\Data_Migration\UserMigration\target\classes started by ykulkarn in C:\Users\ykulkarn\Desktop\Automative Portal\Data_Migration\UserMigration)
2021-06-09 19:08:55,047 INFO org.springframework.boot.SpringApplication [main] No active profile set, falling back to default profiles: default
2021-06-09 19:09:14,153 INFO org.springframework.boot.StartupInfoLogger [main] Started UserMigrationApplication in 19.895 seconds (JVM running for 21.008)
2021-06-09 19:09:21,067 INFO com.covisint.datamigration.handlers.UsersHandler [main] null
2021-06-09 19:09:22,669 INFO com.covisint.datamigration.handlers.UsersHandler [main] null
